0:100  0:100  MemLog inited, TSC freq: 1795920294
0:100  0:000  CPU was calibrated with ACPI PM Timer
0:100  0:000  
0:100  0:000  Now is 12.12.2019,  8:58:59 (GMT)
0:100  0:000  Starting Clover revision: 5070 on American Megatrends EFI
0:100  0:000  Build with: [Args: -D NO_GRUB_DRIVERS_EMBEDDED | -D NO_GRUB_DRIVERS_EMBEDDED -D USE_LOW_EBDA -a X64 -b RELEASE -t XCODE8 -n 5 | OS: 10.14.6 | XCODE: 10.3]
0:100  0:000  SelfDevicePath=PciRoot(0x0)\Pci(0x1F,0x2)\Sata(0x0,0xFFFF,0x0)\HD(1,GPT,BE216711-E3F7-498A-9D6F-CD1722CC9BBD,0x28,0x64000) @D85F9698
0:100  0:000  SelfDirPath = EFI\CLOVER
0:100  0:000  SimpleTextEx Status=Success
0:100  0:000  === [ Get Smbios ] ========================================
0:100  0:000  Type 16 Index = 0
0:100  0:000  Total Memory Slots Count = 4
0:100  0:000  Type 17 Index = 0
0:100  0:000  SmbiosTable.Type17->Speed = 1600MHz
0:100  0:000  SmbiosTable.Type17->Size = 2048MB
0:100  0:000  SmbiosTable.Type17->Bank/Device = BANK 0 ChannelA-DIMM0
0:100  0:000  SmbiosTable.Type17->Vendor = Micron
0:100  0:000  SmbiosTable.Type17->SerialNumber = 00000105
0:100  0:000  SmbiosTable.Type17->PartNumber = V-GeN D3M2GS16B8 
0:100  0:000  Type 17 Index = 1
0:100  0:000  Ignoring insane frequency value 0MHz
0:100  0:000  SmbiosTable.Type17->Speed = 0MHz
0:100  0:000  SmbiosTable.Type17->Size = 0MB
0:100  0:000  SmbiosTable.Type17->Bank/Device = BANK 1 ChannelA-DIMM1
0:100  0:000  SmbiosTable.Type17->Vendor = <null string>
0:100  0:000  SmbiosTable.Type17->SerialNumber = <null string>
0:100  0:000  SmbiosTable.Type17->PartNumber = <null string>
0:100  0:000  Type 17 Index = 2
0:100  0:000  SmbiosTable.Type17->Speed = 1600MHz
0:100  0:000  SmbiosTable.Type17->Size = 2048MB
0:100  0:000  SmbiosTable.Type17->Bank/Device = BANK 2 ChannelB-DIMM0
0:100  0:000  SmbiosTable.Type17->Vendor = Elpida
0:100  0:000  SmbiosTable.Type17->SerialNumber = 00000000
0:100  0:000  SmbiosTable.Type17->PartNumber = [Empty]
0:100  0:000  Type 17 Index = 3
0:100  0:000  Ignoring insane frequency value 0MHz
0:100  0:000  SmbiosTable.Type17->Speed = 0MHz
0:100  0:000  SmbiosTable.Type17->Size = 0MB
0:100  0:000  SmbiosTable.Type17->Bank/Device = BANK 3 ChannelB-DIMM1
0:100  0:000  SmbiosTable.Type17->Vendor = <null string>
0:100  0:000  SmbiosTable.Type17->SerialNumber = <null string>
0:100  0:000  SmbiosTable.Type17->PartNumber = <null string>
0:100  0:000  Boot status=0
0:100  0:000  Running on: 'X451CAP' with board 'X451CAP'
0:100  0:000  === [ GetCPUProperties ] ==================================
0:100  0:000  CPU Vendor = 756E6547 Model=306A9
0:100  0:000   The CPU supported SSE4.1
0:100  0:000  BrandString = Intel(R) Core(TM) i3-3217U CPU @ 1.80GHz
0:100  0:000   The CPU supported turbo
0:100  0:000  MSR 0x35               20004
0:100  0:000  MSR 0xE2 before patch 1E008404
0:100  0:000  MSR 0xE2 is locked, PM patches will be turned on
0:100  0:000  MSR 0xCE              00080813_E0011200
0:100  0:000  corrected FLEX_RATIO = 100000
0:100  0:000  MSR 0x1B0             00000000
0:100  0:000  FSBFrequency = 100 MHz, DMI FSBFrequency = 100 MHz, Corrected FSBFrequency = 100 MHz
0:100  0:000  MaxDiv/MinDiv: 18.0/8
0:100  0:000  Turbo: 18/18/18/18
0:100  0:000  Features: 0xBFEBFBFF
0:100  0:000  Threads: 4
0:100  0:000  Cores: 2
0:100  0:000  FSB: 100 MHz
0:100  0:000  CPU: 1800 MHz
0:100  0:000  TSC: 1800 MHz
0:100  0:000  PIS: 100 MHz
0:100  0:000  ExternalClock: 25 MHz
0:100  0:000  === [ GetDevices ] ========================================
0:100  0:000  GOP found at: PciRoot(0x0)/Pci(0x2,0x0)/AcpiAdr(0x80010100)
0:100  0:000  PCI (00|00:00.00) : 8086 0154 class=060000
0:100  0:000  PCI (00|00:02.00) : 8086 0166 class=030000
0:100  0:000   - GOP: Provided by device
0:100  0:000   - GFX: Model=Intel HD Graphics 4000 (Intel)
0:100  0:000  PCI (00|00:14.00) : 8086 1E31 class=0C0330
0:100  0:000  PCI (00|00:16.00) : 8086 1E3A class=078000
0:100  0:000  PCI (00|00:16.01) : FFFF FFFF class=FFFFFF
0:100  0:000  PCI (00|00:1A.00) : 8086 1E2D class=0C0320
0:100  0:000  PCI (00|00:1B.00) : 8086 1E20 class=040300
0:100  0:000  PCI (00|00:1C.00) : 8086 1E10 class=060400
0:100  0:000  PCI (00|00:1C.01) : 8086 1E12 class=060400
0:100  0:000  PCI (00|02:00.00) : 168C 0032 class=028000
0:100  0:000   - WIFI: Vendor=Atheros
0:100  0:000  PCI (00|00:1C.03) : 8086 1E16 class=060400
0:100  0:000  PCI (00|03:00.00) : 10EC 5286 class=FF0000
0:100  0:000  PCI (00|03:00.02) : 10EC 8136 class=020000
0:100  0:000   - LAN: 0 Vendor=Realtek
0:100  0:000  PCI (00|00:1D.00) : 8086 1E26 class=0C0320
0:100  0:000  PCI (00|00:1F.00) : 8086 1E59 class=060100
0:100  0:000  PCI (00|00:1F.02) : 8086 1E03 class=010601
0:100  0:000  PCI (00|00:1F.03) : 8086 1E22 class=0C0500
0:100  0:000  PCI (00|00:1F.06) : FFFF FFFF class=FFFFFF
0:100  0:000  === [ GetDefaultSettings ] ================================
0:100  0:000  Clover load options size = 0 bytes
0:125  0:024  EFI\CLOVER\config.plist loaded: Success
0:125  0:000  === [ GetListOfThemes ] ===================================
0:126  0:001  - [00]: OlarilaAnimation
0:154  0:027  - [01]: BGM
0:193  0:038  - [02]: RANDOM
0:199  0:006  - [02]: EMBEDDED
0:200  0:001  === [ Found config plists ] ===============================
0:200  0:000  - config.plist
0:200  0:000  === [ GetEarlyUserSettings ] ==============================
0:200  0:000  timeout set to 5
0:200  0:000  Custom boot CUSTOM_BOOT_DISABLED (0x0)
0:200  0:000  KextsToPatch: 12 requested
0:200  0:000   - [00]: com.apple.driver.AppleAHCIPort (External icons patch) :: MatchOS: 10.11.x,10.12.x,10.13.x,10.14.x,10.15.x :: BinPatch :: data len: 8
0:200  0:000   - [01]: com.apple.driver.AppleMikeyDriver (MikeyDriver Patch Assertions) :: MatchOS: 10.11.x,10.12.x,10.13.x,10.14.x,10.15.x :: BinPatch :: data len: 16
0:200  0:000   - [02]: com.apple.driver.AppleHDA (AppleHDA Patch Assertions) :: MatchOS: 10.11.x,10.12.x,10.13.x,10.14.x,10.15.x :: BinPatch :: data len: 16
0:200  0:000   - [03]: com.apple.driver.usb.AppleUSBXHCIPCI (USB port limit patch) :: MatchOS: 10.11.x :: BinPatch :: data len: 7
0:200  0:000   - [04]: com.apple.driver.usb.AppleUSBXHCIPCI (USB port limit patch) :: MatchOS: 10.12.x :: BinPatch :: data len: 7
0:200  0:000   - [05]: com.apple.driver.usb.AppleUSBXHCI (USB port limit patch by PMHeart) :: MatchOS: 10.13.6 :: BinPatch :: data len: 10
0:200  0:000   - [06]: com.apple.iokit.IOUSBHostFamily (USB port limit patch #1 10.14.x modify by DalianSky(credit ydeng)) :: MatchOS: 10.14.x :: BinPatch :: data len: 4
0:200  0:000   - [07]: com.apple.iokit.IOUSBHostFamily (USB port limit patch #2 10.14.x modify by DalianSky(credit PMHeart)) :: MatchOS: 10.14.x :: BinPatch :: data len: 4
0:200  0:000   - [08]: com.apple.driver.usb.AppleUSBXHCI (USB Port limit patch #3 10.14.x modify by DalianSky(credits PMheart)) :: MatchOS: 10.14.x :: BinPatch :: data len: 4
0:200  0:000   - [09]: com.apple.driver.usb.AppleUSBXHCI (USB Port limit patch #4 10.14.x modify by DalianSky(credits PMheart)) :: MatchOS: 10.14.x :: BinPatch :: data len: 4
0:200  0:000   - [10]: com.apple.iokit.IOUSBHostFamily (USB Port limit patch #1(credits PMheart)) :: MatchOS: 10.15.x :: BinPatch :: data len: 4
0:200  0:000   - [11]: com.apple.driver.usb.AppleUSBXHCI (USB Port limit patch #2(credits PMheart)) :: MatchOS: 10.15.x :: BinPatch :: data len: 4
0:201  0:000  Default theme: OlarilaAnimation
0:201  0:000  === [ LoadDrivers ] =======================================
0:240  0:039  Loading FSInject.efi  status=Success
0:246  0:006  Loading HFSPlus.efi  status=Success
0:248  0:001   - driver needs connecting
0:248  0:000  Loading ApfsDriverLoader.efi  status=Success
0:249  0:001   - driver needs connecting
0:249  0:000  Loading AptioMemoryFix.efi  status=Success
0:250  0:001  Loading VirtualSmc.efi  status=Success
0:352  0:101  2 drivers needs connecting ...
0:352  0:000  PlatformDriverOverrideProtocol->GetDriver overriden
0:352  0:000  HFS+ driver loaded
0:352  0:000  APFS driver loaded
0:352  0:000  Searching for invalid DiskIo BY_DRIVER connects: not found, all ok
1:008  0:655  === [ InitScreen ] ========================================
1:008  0:000  Console modes reported: 4, available modes:
1:008  0:000   - [01]: 80x25
1:008  0:000   - [03]: 100x31 (current mode)
1:008  0:000   - [04]: 128x40
1:008  0:000  SetMaxResolution: found best mode 0: 1024x768
1:142  0:133  Video mode change to mode #0: Success
1:142  0:000   - set
1:142  0:000  SetScreenResolution: 1024x768 - already set
1:142  0:000  reinit: self device path=PciRoot(0x0)\Pci(0x1F,0x2)\Sata(0x0,0xFFFF,0x0)\HD(1,GPT,BE216711-E3F7-498A-9D6F-CD1722CC9BBD,0x28,0x64000)
1:142  0:000  Using embedded font: Success
1:144  0:001  === [ GetMacAddress ] =====================================
1:144  0:000   get legacy LAN MAC, 1 card found
1:144  0:000  Legacy MAC address of LAN #0= D8:50:E6:F1:83:4D:
1:144  0:000  === [ ScanSPD ] ===========================================
1:144  0:000  Scanning SMBus [8086:1E22], mmio: 0xF7E15004, ioport: 0xF040, hostc: 0x1
1:163  0:018  Slot: 0 Type 24 2048MB 1600MHz Vendor=Micron Technology PartNo=V-GeND3M2GS16B8 SerialNo=0000000000010005
1:164  0:000  === [ GetAcpiTablesList ] =================================
1:164  0:000  Get Acpi Tables List from RSDT:
1:164  0:000   - [00]: FACP  Notebook len=132
1:164  0:000   - [01]: APIC  Notebook len=114
1:164  0:000   - [02]: FPDT  Notebook len=68
1:164  0:000   - [03]: ECDT  Notebook len=193
1:164  0:000   - [04]: MCFG  Notebook len=60
1:164  0:000   - [05]: HPET  Notebook len=56
1:164  0:000   - [06]: SSDT  AhciTab1 len=1586
1:164  0:000   - [07]: SSDT  AhciTab2 len=1182
1:164  0:000   - [08]: SSDT  Cpu0Ist len=2182
1:164  0:000   - [09]: SSDT  CpuPm len=2840
1:164  0:000  Calibrated TSC Frequency = 1795920294 = 1795MHz
1:164  0:000  === [ GetUserSettings ] ===================================
1:164  0:000  Add 1 devices:
1:164  0:000  USB FixOwnership: yes
1:164  0:000  Dropping 3 tables:
1:164  0:000   - [00]: Drop table  signature="DMAR" (52414D44)
1:164  0:000           - set table: 52414D44,                0 to drop: no
1:164  0:000   - [01]: Drop table  signature="SSDT" (54445353) table-id="CpuPm" (0000006D50757043)
1:164  0:000           - set table: 54445353,       6D50757043 to drop: yes
1:164  0:000   - [02]: Drop table  signature="SSDT" (54445353) table-id="Cpu0Ist" (0074734930757043)
1:164  0:000           - set table: 54445353,   74734930757043 to drop: yes
1:164  0:000   - final DSDT Fix mask=10020014
1:164  0:000  PatchesDSDT: 11 requested
1:164  0:000   - [00]: (GFX0 to IGPU) lenToFind: 4, lenToReplace: 4, Target Bridge: <null string>
1:164  0:000   - [01]: (HECI to IMEI) lenToFind: 4, lenToReplace: 4, Target Bridge: <null string>
1:164  0:000   - [02]: (SAT0 to SATA) lenToFind: 4, lenToReplace: 4, Target Bridge: <null string>
1:164  0:000   - [03]: (GLAN to GIGE) lenToFind: 4, lenToReplace: 4, Target Bridge: <null string>
1:164  0:000   - [04]: (EHC1 to EH01) lenToFind: 4, lenToReplace: 4, Target Bridge: <null string>
1:164  0:000   - [05]: (EHC2 to EH02) lenToFind: 4, lenToReplace: 4, Target Bridge: <null string>
1:164  0:000   - [06]: (EUSB to EH01) lenToFind: 4, lenToReplace: 4, Target Bridge: <null string>
1:164  0:000   - [07]: (USBE to EH02) lenToFind: 4, lenToReplace: 4, Target Bridge: <null string>
1:164  0:000   - [08]: (EC0 to EC) lenToFind: 4, lenToReplace: 4, Target Bridge: <null string>
1:164  0:000    patch disabled at config
1:164  0:000   - [09]: (H_EC to EC) lenToFind: 4, lenToReplace: 4, Target Bridge: <null string>
1:164  0:000    patch disabled at config
1:164  0:000   - [10]: (ECDV to EC) lenToFind: 4, lenToReplace: 4, Target Bridge: <null string>
1:164  0:000    patch disabled at config
1:164  0:000  smartUPS: present
1:164  0:000  Using ProductName from clover: MacBookAir5,2
1:164  0:000  BiosVersion: not set, Using BiosVersion from clover
1:164  0:000  BiosVersion: MBA51.88Z.F000.B00.1906132037
1:164  0:000  BiosReleaseDate: 06/13/2019
1:164  0:000  Using EfiVersion from clover: 259.0.0.0.0
1:164  0:000  Using FirmwareFeatures from clover: 0xE00DE137
1:164  0:000  Using FirmwareFeaturesMask from clover: 0xFF1FFF3F
1:164  0:000  PlatformFeature will not set in SMBIOS
1:179  0:014  === [ Found DSDT tables ] =================================
1:180  0:000  - DSDT.AML
1:419  0:238  === [ ScanVolumes ] =======================================
1:419  0:000  Found 7 volumes with blockIO
1:419  0:000  - [00]: Volume: PciRoot(0x0)\Pci(0x1F,0x2)\Sata(0x0,0xFFFF,0x0)
1:427  0:008          Result of bootcode detection: bootable unknown (legacy)
1:427  0:000  - [01]: Volume: PciRoot(0x0)\Pci(0x1F,0x2)\Sata(0x0,0xFFFF,0x0)\HD(1,GPT,BE216711-E3F7-498A-9D6F-CD1722CC9BBD,0x28,0x64000)
1:427  0:000          Result of bootcode detection: bootable unknown (legacy)
1:471  0:043          This is SelfVolume !!
1:471  0:000  - [02]: Volume: PciRoot(0x0)\Pci(0x1F,0x2)\Sata(0x0,0xFFFF,0x0)\HD(2,GPT,20C9BACA-1A3C-4704-83E8-79F7AB7061A5,0x64028,0x253CAA60)
1:482  0:010          Result of bootcode detection: bootable unknown (legacy)
1:482  0:000  - [03]: Volume: PciRoot(0x0)\Pci(0x1F,0x2)\Sata(0x0,0xFFFF,0x0)\HD(2,GPT,20C9BACA-1A3C-4704-83E8-79F7AB7061A5,0x64028,0x253CAA60)\VenMedia(BE74FCF7-0B7C-49F3-9147-01F4042E6842,E59706C884E7694EAF079D12A05B7AB7)
1:482  0:000  - [04]: Volume: PciRoot(0x0)\Pci(0x1F,0x2)\Sata(0x0,0xFFFF,0x0)\HD(2,GPT,20C9BACA-1A3C-4704-83E8-79F7AB7061A5,0x64028,0x253CAA60)\VenMedia(BE74FCF7-0B7C-49F3-9147-01F4042E6842,2839C4DF7D88FC4C93EEF5EDE718E542)
1:482  0:000  - [05]: Volume: PciRoot(0x0)\Pci(0x1F,0x2)\Sata(0x0,0xFFFF,0x0)\HD(2,GPT,20C9BACA-1A3C-4704-83E8-79F7AB7061A5,0x64028,0x253CAA60)\VenMedia(BE74FCF7-0B7C-49F3-9147-01F4042E6842,7CF63EFEAAAC0B4B82378B60D4E79A3B)
1:482  0:000  - [06]: Volume: PciRoot(0x0)\Pci(0x1F,0x2)\Sata(0x0,0xFFFF,0x0)\HD(2,GPT,20C9BACA-1A3C-4704-83E8-79F7AB7061A5,0x64028,0x253CAA60)\VenMedia(BE74FCF7-0B7C-49F3-9147-01F4042E6842,F2962733D07C71418B20FB3884D7604B)
1:482  0:000  No AudioIoProtocols, status=Not Found
1:482  0:000  === [ InitTheme ] =========================================
1:482  0:000  use night theme
1:517  0:035  Using theme 'OlarilaAnimation' (EFI\CLOVER\themes\OlarilaAnimation)
1:517  0:000  OS main and drive as badge
1:518  0:000  Warning! Character width 11 should be even!
1:518  0:000  file sound read: sound_night.wav Not Found
1:518  0:000  file sound read: sound.wav Not Found
1:528  0:010  Loading font from ThemeDir: Success
1:528  0:000  theme inited
1:528  0:000  Chosen theme OlarilaAnimation
1:528  0:000  found boot-args in NVRAM:, size=1
1:528  0:000  after NVRAM boot-args=dart=0 -no_compat_check -v
1:528  0:000  === [ Dump SMC keys from NVRAM ] ==========================
1:529  0:000  found AppleSMC protocol
1:575  0:046  === [ ScanLoader ] ========================================
1:575  0:000  - [01]: 'EFI'
2:657  1:081          AddLoaderEntry for Volume Name=EFI
2:657  0:000          skipped because entry is hidden
2:657  0:000  - [03]: 'Preboot'
2:680  0:022          AddLoaderEntry for Volume Name=Preboot
2:708  0:028      hibernated: set as never
2:830  0:122  - [04]: 'MacOs HighSierra'
3:286  0:455          AddLoaderEntry for Volume Name=MacOs HighSierra
3:384  0:098      hibernated: set as never
5:914  2:529          AddLoaderEntry for Volume Name=MacOs HighSierra
5:914  0:000          skipped because entry is hidden
5:914  0:000  - [05]: 'Recovery'
5:927  0:013          AddLoaderEntry for Volume Name=Recovery
6:052  0:125  - [06]: 'VM'
6:095  0:042  Scanning legacy ...
6:095  0:000  === [ AddCustomTool ] =====================================
6:208  0:113  found tool \EFI\CLOVER\tools\Shell64U.efi
6:208  0:000  Checking EFI partition Volume 1 for Clover
6:208  0:000   Found Clover
6:232  0:023  === [ GetEfiBootDeviceFromNvram ] =========================
6:233  0:000   - efi-boot-device-data: PciRoot(0x0)\Pci(0x1F,0x2)\Sata(0x0,0xFFFF,0x0)\HD(2,GPT,20C9BACA-1A3C-4704-83E8-79F7AB7061A5,0x64028,0x253CAA60)\VenMedia(BE74FCF7-0B7C-49F3-9147-01F4042E6842,2839C4DF7D88FC4C93EEF5EDE718E542)
6:233  0:000    - Volume: 'PciRoot(0x0)\Pci(0x1F,0x2)\Sata(0x0,0xFFFF,0x0)\HD(2,GPT,20C9BACA-1A3C-4704-83E8-79F7AB7061A5,0x64028,0x253CAA60)\VenMedia(BE74FCF7-0B7C-49F3-9147-01F4042E6842,2839C4DF7D88FC4C93EEF5EDE718E542)'
6:233  0:000    - LoaderPath: '<null string>'
6:233  0:000    - Guid = 20C9BACA-1A3C-4704-83E8-79F7AB7061A5
6:233  0:000  === [ FindStartupDiskVolume ] =============================
6:233  0:000    - Volume: partition = PciRoot(0x0)\Pci(0x1F,0x2)\Sata(0x0,0xFFFF,0x0)\HD(2,GPT,20C9BACA-1A3C-4704-83E8-79F7AB7061A5,0x64028,0x253CAA60)\VenMedia(BE74FCF7-0B7C-49F3-9147-01F4042E6842,2839C4DF7D88FC4C93EEF5EDE718E542)
6:233  0:000     - searching for that partition
6:233  0:000      - found entry 1. 'Boot macOS from MacOs HighSierra', Volume 'MacOs HighSierra'
6:233  0:000  Boot redirected to Entry 1. 'Boot macOS from MacOs HighSierra'
6:233  0:000  DefaultIndex=1 and MainMenu.EntryCount=9
6:233  0:000  Use anime=anime frames=10
6:310  0:077   found 10 frames of the anime
6:310  0:000   Anime seems OK, init it
6:310  0:000  banner file not read
7:719  1:409  GUI ready
20:008  12:288  exit from MainMenu 1
20:008  0:000  Start Tool: \EFI\CLOVER\tools\Shell64U.efi
20:044  0:036  Loading Shell64U.efi  status=Success
286:876  266:831  ReinitSelfLib after theme change
286:876  0:000  reinit: self device path=PciRoot(0x0)\Pci(0x1F,0x2)\Sata(0x0,0xFFFF,0x0)\HD(1,GPT,BE216711-E3F7-498A-9D6F-CD1722CC9BBD,0x28,0x64000)
286:876  0:000  === [ ScanVolumes ] =======================================
286:876  0:000  Found 7 volumes with blockIO
286:876  0:000  - [00]: Volume: PciRoot(0x0)\Pci(0x1F,0x2)\Sata(0x0,0xFFFF,0x0)
286:927  0:050          Result of bootcode detection: bootable unknown (legacy)
286:927  0:000  - [01]: Volume: PciRoot(0x0)\Pci(0x1F,0x2)\Sata(0x0,0xFFFF,0x0)\HD(1,GPT,BE216711-E3F7-498A-9D6F-CD1722CC9BBD,0x28,0x64000)
286:928  0:000          Result of bootcode detection: bootable unknown (legacy)
286:928  0:000          This is SelfVolume !!
286:928  0:000  - [02]: Volume: PciRoot(0x0)\Pci(0x1F,0x2)\Sata(0x0,0xFFFF,0x0)\HD(2,GPT,20C9BACA-1A3C-4704-83E8-79F7AB7061A5,0x64028,0x253CAA60)
286:938  0:010          Result of bootcode detection: bootable unknown (legacy)
286:938  0:000  - [03]: Volume: PciRoot(0x0)\Pci(0x1F,0x2)\Sata(0x0,0xFFFF,0x0)\HD(2,GPT,20C9BACA-1A3C-4704-83E8-79F7AB7061A5,0x64028,0x253CAA60)\VenMedia(BE74FCF7-0B7C-49F3-9147-01F4042E6842,E59706C884E7694EAF079D12A05B7AB7)
286:938  0:000  - [04]: Volume: PciRoot(0x0)\Pci(0x1F,0x2)\Sata(0x0,0xFFFF,0x0)\HD(2,GPT,20C9BACA-1A3C-4704-83E8-79F7AB7061A5,0x64028,0x253CAA60)\VenMedia(BE74FCF7-0B7C-49F3-9147-01F4042E6842,2839C4DF7D88FC4C93EEF5EDE718E542)
286:938  0:000  - [05]: Volume: PciRoot(0x0)\Pci(0x1F,0x2)\Sata(0x0,0xFFFF,0x0)\HD(2,GPT,20C9BACA-1A3C-4704-83E8-79F7AB7061A5,0x64028,0x253CAA60)\VenMedia(BE74FCF7-0B7C-49F3-9147-01F4042E6842,7CF63EFEAAAC0B4B82378B60D4E79A3B)
286:938  0:000  - [06]: Volume: PciRoot(0x0)\Pci(0x1F,0x2)\Sata(0x0,0xFFFF,0x0)\HD(2,GPT,20C9BACA-1A3C-4704-83E8-79F7AB7061A5,0x64028,0x253CAA60)\VenMedia(BE74FCF7-0B7C-49F3-9147-01F4042E6842,F2962733D07C71418B20FB3884D7604B)
286:938  0:000  No AudioIoProtocols, status=Not Found
286:938  0:000  theme inited
286:938  0:000  Chosen theme OlarilaAnimation
286:939  0:000  found boot-args in NVRAM:, size=1
286:939  0:000  after NVRAM boot-args=dart=0 -no_compat_check -v
286:939  0:000  === [ ScanLoader ] ========================================
286:939  0:000  - [01]: 'EFI'
288:046  1:106          AddLoaderEntry for Volume Name=EFI
288:046  0:000          skipped because entry is hidden
288:046  0:000  - [03]: 'Preboot'
288:061  0:014          AddLoaderEntry for Volume Name=Preboot
288:087  0:025      hibernated: set as never
288:259  0:172  - [04]: 'MacOs HighSierra'
288:355  0:095          AddLoaderEntry for Volume Name=MacOs HighSierra
288:385  0:030      hibernated: set as never
290:865  2:479          AddLoaderEntry for Volume Name=MacOs HighSierra
290:865  0:000          skipped because entry is hidden
290:865  0:000  - [05]: 'Recovery'
290:878  0:013          AddLoaderEntry for Volume Name=Recovery
291:030  0:151  - [06]: 'VM'
291:072  0:042  Scanning legacy ...
291:072  0:000  === [ AddCustomTool ] =====================================
291:142  0:069  found tool \EFI\CLOVER\tools\Shell64U.efi
291:142  0:000  Checking EFI partition Volume 1 for Clover
291:142  0:000   Found Clover
291:142  0:000  === [ GetEfiBootDeviceFromNvram ] =========================
291:142  0:000  === [ FindStartupDiskVolume ] =============================
291:142  0:000    - Volume: partition = PciRoot(0x0)\Pci(0x1F,0x2)\Sata(0x0,0xFFFF,0x0)\HD(2,GPT,20C9BACA-1A3C-4704-83E8-79F7AB7061A5,0x64028,0x253CAA60)\VenMedia(BE74FCF7-0B7C-49F3-9147-01F4042E6842,2839C4DF7D88FC4C93EEF5EDE718E542)
291:142  0:000     - searching for that partition
291:142  0:000      - found entry 1. 'Boot macOS from MacOs HighSierra', Volume 'MacOs HighSierra'
291:142  0:000  Boot redirected to Entry 1. 'Boot macOS from MacOs HighSierra'
291:142  0:000  DefaultIndex=1 and MainMenu.EntryCount=9
291:142  0:000  Use anime=anime frames=10
291:142  0:000   Anime seems OK, init it
291:142  0:000  SetScreenResolution: 1024x768 - already set
291:162  0:020  banner file not read
293:477  2:314  exit from MainMenu 1
293:477  0:000  ParseBootOption: invalid input params
293:477  0:000  BootVariable of the entry is empty
293:477  0:000  === [ StartLoader ] =======================================
293:477  0:000  Finally: ExternalClock=25MHz BusSpeed=99774kHz CPUFreq=1796MHz PIS: hw.busfrequency=100000000Hz
293:478  0:000  Loading boot.efi  status=Success
293:616  0:138  GetOSVersion: 10.13.6 (17G2208)
293:616  0:000  CSR_CFG: CSR_ALLOW_UNTRUSTED_KEXTS | CSR_ALLOW_UNRESTRICTED_FS | CSR_ALLOW_TASK_FOR_PID | CSR_ALLOW_UNRESTRICTED_DTRACE | CSR_ALLOW_UNRESTRICTED_NVRAM
293:616  0:000  Filtering KextPatches:
293:616  0:000   - [00]: com.apple.driver.AppleAHCIPort (External icons patch) :: BinPatch :: [OS: 10.13.6 | MatchOS: 10.11.x,10.12.x,10.13.x,10.14.x,10.15.x | MatchBuild: All] ==> allowed
293:616  0:000   - [01]: com.apple.driver.AppleMikeyDriver (MikeyDriver Patch Assertions) :: BinPatch :: [OS: 10.13.6 | MatchOS: 10.11.x,10.12.x,10.13.x,10.14.x,10.15.x | MatchBuild: All] ==> allowed
293:616  0:000   - [02]: com.apple.driver.AppleHDA (AppleHDA Patch Assertions) :: BinPatch :: [OS: 10.13.6 | MatchOS: 10.11.x,10.12.x,10.13.x,10.14.x,10.15.x | MatchBuild: All] ==> allowed
293:616  0:000   - [03]: com.apple.driver.usb.AppleUSBXHCIPCI (USB port limit patch) :: BinPatch :: [OS: 10.13.6 | MatchOS: 10.11.x | MatchBuild: All] ==> not allowed
293:616  0:000   - [04]: com.apple.driver.usb.AppleUSBXHCIPCI (USB port limit patch) :: BinPatch :: [OS: 10.13.6 | MatchOS: 10.12.x | MatchBuild: All] ==> not allowed
293:616  0:000   - [05]: com.apple.driver.usb.AppleUSBXHCI (USB port limit patch by PMHeart) :: BinPatch :: [OS: 10.13.6 | MatchOS: 10.13.6 | MatchBuild: All] ==> allowed
293:616  0:000   - [06]: com.apple.iokit.IOUSBHostFamily (USB port limit patch #1 10.14.x modify by DalianSky(credit ydeng)) :: BinPatch :: [OS: 10.13.6 | MatchOS: 10.14.x | MatchBuild: All] ==> not allowed
293:616  0:000   - [07]: com.apple.iokit.IOUSBHostFamily (USB port limit patch #2 10.14.x modify by DalianSky(credit PMHeart)) :: BinPatch :: [OS: 10.13.6 | MatchOS: 10.14.x | MatchBuild: All] ==> not allowed
293:616  0:000   - [08]: com.apple.driver.usb.AppleUSBXHCI (USB Port limit patch #3 10.14.x modify by DalianSky(credits PMheart)) :: BinPatch :: [OS: 10.13.6 | MatchOS: 10.14.x | MatchBuild: All] ==> not allowed
293:616  0:000   - [09]: com.apple.driver.usb.AppleUSBXHCI (USB Port limit patch #4 10.14.x modify by DalianSky(credits PMheart)) :: BinPatch :: [OS: 10.13.6 | MatchOS: 10.14.x | MatchBuild: All] ==> not allowed
293:616  0:000   - [10]: com.apple.iokit.IOUSBHostFamily (USB Port limit patch #1(credits PMheart)) :: BinPatch :: [OS: 10.13.6 | MatchOS: 10.15.x | MatchBuild: All] ==> not allowed
293:616  0:000   - [11]: com.apple.driver.usb.AppleUSBXHCI (USB Port limit patch #2(credits PMheart)) :: BinPatch :: [OS: 10.13.6 | MatchOS: 10.15.x | MatchBuild: All] ==> not allowed
293:616  0:000  Will not patch boot.efi
293:616  0:000  === [ PatchSmbios ] =======================================
293:616  0:000  insert table 9 for dev 0:2
293:616  0:000  insert table 9 for dev 0:0
293:616  0:000  Table 11 present, but rewritten for us
293:617  0:001  Trusting SMBIOS...
293:617  0:000  Channels: 1
293:617  0:000  Interleave: 0 1 2 3 4 5 6 7 8 9 10 11 12 13 14 15 16 17 18 19 20 21 22 23
293:617  0:000   partNum=V-GeN D3M2GS16B8 
293:617  0:000  SMBIOS Type 17 Index = 0 => 0 0:
293:617  0:000  BANK 0 DIMM0 1600MHz 2048MB
293:617  0:000  SMBIOS Type 17 Index = 1 => 1 1:
293:617  0:000  BANK 0 DIMM1 EMPTY
293:617  0:000   partNum=[Empty]
293:617  0:000  SMBIOS Type 17 Index = 2 => 2 2:
293:617  0:000  BANK 0 DIMM2 1600MHz 2048MB
293:617  0:000  mTotalSystemMemory = 4096
293:617  0:000  NumberOfMemoryDevices = 3
293:617  0:000  Type20[0]->End = 0x1FFFFF, Type17[0] = 0x800
293:617  0:000  Type20[1]->End = 0x3FFFFF, Type17[2] = 0x1800
293:617  0:000  Table 131 is present, CPUType=31
293:617  0:000  Change to: 903
293:617  0:000  === [ PatchACPI ] =========================================
293:617  0:000  Xsdt reallocation done
293:617  0:000  old FADT length=10C
293:617  0:000   SignatureFixup: 0x0 -> 0x0
293:617  0:000  Found OperationRegion(GNVS, SystemMemory, DA898E18, ...)
293:617  0:000  Found OperationRegion(MCHT, SystemMemory, FED10000, ...)
293:617  0:000  Found OperationRegion(RCRB, SystemMemory, FED1C000, ...)
293:618  0:000  Found OperationRegion(DBGM, SystemMemory, D0000, ...)
293:618  0:000  Found OperationRegion(RCBA, SystemMemory, FED1C000, ...)
293:638  0:020  Apply DsdtFixMask=0x10020014
293:638  0:000     drop _DSM mask=0x0000
293:638  0:000  === [ FixBiosDsdt ] =======================================
293:638  0:000  Patching DSDT:
293:638  0:000   - [GFX0 to IGPU]: pattern 47465830, patched at: [ (3AB3) (8D7) (12) (11EA) (3B) (19) (2B8B) (10) (1B) (10) (1A) (F) (1D) (10) (4FB5) (1516) (9) (8) (49) (D) (10) (BD) (D) (10) (87E) (54) (9) (F85) (14) (10B2) (50) ]
293:638  0:000   - [HECI to IMEI]: pattern 48454349, bin not found / already patched!
293:638  0:000   - [SAT0 to SATA]: pattern 53415430, bin not found / already patched!
293:639  0:000   - [GLAN to GIGE]: pattern 474C414E, patched at: [ (5D3B) ]
293:639  0:000   - [EHC1 to EH01]: pattern 45484331, patched at: [ (1D33) (E91B) (16D) ]
293:639  0:000   - [EHC2 to EH02]: pattern 45484332, patched at: [ (1DD8) (E888) (320) (772) ]
293:639  0:000   - [EUSB to EH01]: pattern 45555342, bin not found / already patched!
293:639  0:000   - [USBE to EH02]: pattern 55534245, bin not found / already patched!
293:639  0:000   - [EC0 to EC]: disabled
293:639  0:000   - [H_EC to EC]: disabled
293:639  0:000   - [ECDV to EC]: disabled
293:639  0:000    0 replacements
293:640  0:000  found RTC Length not match, Maybe will cause CMOS reset, will patch it.
293:640  0:000  found RTC had IRQNoFlag will move -3 bytes
293:640  0:000  Start HPET Fix
293:641  0:000    indirect name=SRCB
293:641  0:000  PreCleanup XSDT: count=10, length=116
293:641  0:000  PreCleanup XSDT, corrected XSDT: count=10, length=116
293:641  0:000  === [ ACPIPatchedAML ] ====================================
293:641  0:000  AutoMerge pass 1
293:641  0:000  Unsorted
293:641  0:000  Inserting SSDT-PNLF.aml from EFI\CLOVER\ACPI\patched: ignore on pass 1
293:641  0:000  === [ ACPIDropTables ] ====================================
293:641  0:000  Drop tables from XSDT, SIGN=SSDT TableID=CpuPm Length=2840
293:641  0:000   Table[9]: SSDT  CpuPm  2840 dropped
293:641  0:000  Drop tables from XSDT, SIGN=SSDT TableID=Cpu0Ist Length=2182
293:641  0:000   Table[8]: SSDT  Cpu0Ist  2182 dropped
293:641  0:000  Patching SSDT AhciTab1 Length=1586
293:641  0:000  0. [GFX0 to IGPU]: pattern 47465830, bin not found / already patched!
293:641  0:000  1. [HECI to IMEI]: pattern 48454349, bin not found / already patched!
293:641  0:000  2. [SAT0 to SATA]: pattern 53415430, bin not found / already patched!
293:641  0:000  3. [GLAN to GIGE]: pattern 474C414E, bin not found / already patched!
293:641  0:000  4. [EHC1 to EH01]: pattern 45484331, bin not found / already patched!
293:642  0:000  5. [EHC2 to EH02]: pattern 45484332, bin not found / already patched!
293:642  0:000  6. [EUSB to EH01]: pattern 45555342, bin not found / already patched!
293:642  0:000  7. [USBE to EH02]: pattern 55534245, bin not found / already patched!
293:642  0:000  8. [EC0 to EC]: disabled
293:642  0:000  9. [H_EC to EC]: disabled
293:642  0:000  10. [ECDV to EC]: disabled
293:642  0:000    0 replacements
293:642  0:000  Patching SSDT AhciTab2 Length=1182
293:642  0:000  0. [GFX0 to IGPU]: pattern 47465830, bin not found / already patched!
293:642  0:000  1. [HECI to IMEI]: pattern 48454349, bin not found / already patched!
293:642  0:000  2. [SAT0 to SATA]: pattern 53415430, bin not found / already patched!
293:642  0:000  3. [GLAN to GIGE]: pattern 474C414E, bin not found / already patched!
293:642  0:000  4. [EHC1 to EH01]: pattern 45484331, bin not found / already patched!
293:642  0:000  5. [EHC2 to EH02]: pattern 45484332, bin not found / already patched!
293:642  0:000  6. [EUSB to EH01]: pattern 45555342, bin not found / already patched!
293:642  0:000  7. [USBE to EH02]: pattern 55534245, bin not found / already patched!
293:642  0:000  8. [EC0 to EC]: disabled
293:642  0:000  9. [H_EC to EC]: disabled
293:642  0:000  10. [ECDV to EC]: disabled
293:642  0:000    0 replacements
293:642  0:000  === [ ACPIPatchedAML ] ====================================
293:642  0:000  AutoMerge pass 2
293:642  0:000  Unsorted
293:642  0:000  Inserting SSDT-PNLF.aml from EFI\CLOVER\ACPI\patched: size=1128 ... Success
293:667  0:025  CPUBase=0 and ApicCPUBase=1 ApicCPUNum=4
293:667  0:000  Cleanup XSDT: count=11, length=124
293:667  0:000  corrected XSDT count=9, length=108
293:667  0:000  === [ RestSetup macOS ] ===================================
293:667  0:000  EdidDiscovered size=128
293:667  0:000  --- Discovered EDID Table size:128
293:667  0:000  000  |  00  FF  FF  FF  FF  FF  FF  00  0D  AE
293:667  0:000  010  |  70  14  00  00  00  00  28  15  01  03
293:667  0:000  020  |  80  1E  11  78  0A  D1  45  9B  59  57
293:667  0:000  030  |  8E  2B  23  50  54  00  00  00  01  01
293:667  0:000  040  |  01  01  01  01  01  01  01  01  01  01
293:667  0:000  050  |  01  01  01  01  12  1B  56  72  50  00
293:667  0:000  060  |  0C  30  10  22  26  00  35  AE  10  00
293:667  0:000  070  |  00  18  00  00  00  FE  00  4E  31  34
293:667  0:000  080  |  30  42  47  45  2D  4C  32  32  0A  20
293:667  0:000  090  |  00  00  00  FE  00  43  4D  4E  0A  20
293:667  0:000  100  |  20  20  20  20  20  20  20  20  00  00
293:667  0:000  110  |  00  FE  00  4E  31  34  30  42  47  45
293:667  0:000  120  |  2D  4C  32  32  0A  20  00  0E
293:667  0:000  add device: SecondaryGPU
293:667  0:000     Add key=framebuffer-stolenmem valuelen=4
293:667  0:000     Add key=framebuffer-patch-enable valuelen=4
293:667  0:000     Add key=framebuffer-fbmem valuelen=4
293:667  0:000     Add key=disable-external-gpu valuelen=4
293:667  0:000  Intel GFX injection not set
293:667  0:000   setting specified layout-id=27 (0x1B)
293:667  0:000  stringlength = 2072
293:667  0:000  CurrentMode: Width=1024 Height=768
293:667  0:000  Beginning FSInjection
FSInjectionInstall ...
- Our FSI_SIMPLE_FILE_SYSTEM_PROTOCOL installed on handle: CEA93E18
FSInjectionInstall ...
- Our FSI_SIMPLE_FILE_SYSTEM_PROTOCOL installed on handle: CEA93E18
293:712  0:044  Use origin smbios table type 1 guid.
293:716  0:004  Preparing kexts injection for arch=x86_64 from EFI\CLOVER\kexts\Other
293:716  0:000  Extra kext: EFI\CLOVER\kexts\Other\SMCBatteryManager.kext (v.1)
293:835  0:118  Extra kext: EFI\CLOVER\kexts\Other\WhateverGreen.kext (v.1.3.5)
293:896  0:061  Extra kext: EFI\CLOVER\kexts\Other\VirtualSMC.kext (v.1.0.9)
293:901  0:004  Extra kext: EFI\CLOVER\kexts\Other\VoodooPS2Controller.kext (v.1.9.2)
293:925  0:023    |-- PlugIn kext: EFI\CLOVER\kexts\Other\VoodooPS2Controller.kext\Contents\PlugIns\VoodooPS2Mouse.kext (v.1.9.2)
293:931  0:005    |-- PlugIn kext: EFI\CLOVER\kexts\Other\VoodooPS2Controller.kext\Contents\PlugIns\VoodooPS2Keyboard.kext (v.1.9.2)
293:936  0:005    |-- PlugIn kext: EFI\CLOVER\kexts\Other\VoodooPS2Controller.kext\Contents\PlugIns\VoodooPS2Trackpad.kext (v.1.9.2)
293:941  0:005  Extra kext: EFI\CLOVER\kexts\Other\USBInjectAll.kext (v.0.7.1)
294:028  0:086  Extra kext: EFI\CLOVER\kexts\Other\Lilu.kext (v.1.4.0)
294:034  0:005  Extra kext: EFI\CLOVER\kexts\Other\AppleALC.kext (v.1.4.4)
294:250  0:216  Preparing kexts injection for arch=x86_64 from EFI\CLOVER\kexts\Off
294:250  0:000  Preparing kexts injection for arch=x86_64 from EFI\CLOVER\kexts\10.13
294:252  0:001  SetStartupDiskVolume:
294:252  0:000    * Volume: 'MacOs HighSierra'
294:252  0:000    * LoaderPath: '<null string>'
294:252  0:000    * DevPath: MacOs HighSierra
294:252  0:000    * GUID = 20C9BACA-1A3C-4704-83E8-79F7AB7061A5
294:252  0:000    * efi-boot-device: <array><dict><key>IOMatch</key><dict><key>IOProviderClass</key><string>IOMedia</string><key>IOPropertyMatch</key><dict><key>UUID</key><string>20C9BACA-1A3C-4704-83E8-79F7AB7061A5</string></dict></dict></dict></array>
294:253  0:000  Custom boot screen not used because entry has unset use graphics
294:280  0:026  Closing log
